TN:
SF:controllers\auth.controller.js
FN:10,(anonymous_0)
FN:58,(anonymous_1)
FNF:2
FNH:0
FNDA:0,(anonymous_0)
FNDA:0,(anonymous_1)
DA:1,0
DA:2,0
DA:3,0
DA:4,0
DA:5,0
DA:7,0
DA:10,0
DA:11,0
DA:14,0
DA:15,0
DA:16,0
DA:20,0
DA:23,0
DA:36,0
DA:40,0
DA:58,0
DA:59,0
DA:62,0
DA:80,0
DA:81,0
DA:85,0
DA:86,0
DA:90,0
DA:91,0
DA:92,0
DA:96,0
DA:102,0
DA:107,0
DA:109,0
LF:29
LH:0
BRDA:15,0,0,0
BRDA:15,0,1,0
BRDA:29,1,0,0
BRDA:29,1,1,0
BRDA:30,2,0,0
BRDA:30,2,1,0
BRDA:31,3,0,0
BRDA:31,3,1,0
BRDA:80,4,0,0
BRDA:80,4,1,0
BRDA:85,5,0,0
BRDA:85,5,1,0
BRDA:91,6,0,0
BRDA:91,6,1,0
BRF:14
BRH:0
end_of_record
TN:
SF:controllers\categoria.controller.js
FN:5,(anonymous_0)
FN:30,(anonymous_1)
FN:32,(anonymous_2)
FN:38,(anonymous_3)
FN:39,(anonymous_4)
FN:57,(anonymous_5)
FN:87,(anonymous_6)
FNF:7
FNH:0
FNDA:0,(anonymous_0)
FNDA:0,(anonymous_1)
FNDA:0,(anonymous_2)
FNDA:0,(anonymous_3)
FNDA:0,(anonymous_4)
FNDA:0,(anonymous_5)
FNDA:0,(anonymous_6)
DA:1,0
DA:2,0
DA:5,0
DA:6,0
DA:7,0
DA:10,0
DA:25,0
DA:30,0
DA:31,0
DA:32,0
DA:38,0
DA:39,0
DA:46,0
DA:51,0
DA:52,0
DA:57,0
DA:58,0
DA:59,0
DA:60,0
DA:62,0
DA:63,0
DA:64,0
DA:70,0
DA:86,0
DA:87,0
DA:88,0
DA:89,0
DA:97,0
DA:98,0
DA:100,0
DA:101,0
DA:103,0
DA:105,0
DA:108,0
DA:117,0
DA:118,0
LF:36
LH:0
BRDA:35,0,0,0
BRDA:35,0,1,0
BRDA:63,1,0,0
BRDA:63,1,1,0
BRDA:63,2,0,0
BRDA:63,2,1,0
BRDA:88,3,0,0
BRDA:88,3,1,0
BRDA:97,4,0,0
BRDA:97,4,1,0
BRDA:98,5,0,0
BRDA:98,5,1,0
BRDA:100,6,0,0
BRDA:100,6,1,0
BRF:14
BRH:0
end_of_record
TN:
SF:controllers\finanzas-avanzadas.controller.js
FN:7,(anonymous_0)
FN:25,(anonymous_1)
FN:34,(anonymous_2)
FN:35,(anonymous_3)
FN:45,(anonymous_4)
FN:88,(anonymous_5)
FN:135,(anonymous_6)
FN:151,(anonymous_7)
FN:152,(anonymous_8)
FN:173,(anonymous_9)
FN:218,(anonymous_10)
FN:233,(anonymous_11)
FN:234,(anonymous_12)
FN:237,(anonymous_13)
FN:246,(anonymous_14)
FN:256,(anonymous_15)
FN:307,(anonymous_16)
FN:328,(anonymous_17)
FN:351,(anonymous_18)
FNF:19
FNH:0
FNDA:0,(anonymous_0)
FNDA:0,(anonymous_1)
FNDA:0,(anonymous_2)
FNDA:0,(anonymous_3)
FNDA:0,(anonymous_4)
FNDA:0,(anonymous_5)
FNDA:0,(anonymous_6)
FNDA:0,(anonymous_7)
FNDA:0,(anonymous_8)
FNDA:0,(anonymous_9)
FNDA:0,(anonymous_10)
FNDA:0,(anonymous_11)
FNDA:0,(anonymous_12)
FNDA:0,(anonymous_13)
FNDA:0,(anonymous_14)
FNDA:0,(anonymous_15)
FNDA:0,(anonymous_16)
FNDA:0,(anonymous_17)
FNDA:0,(anonymous_18)
DA:1,0
DA:2,0
DA:7,0
DA:8,0
DA:9,0
DA:11,0
DA:25,0
DA:26,0
DA:29,0
DA:34,0
DA:35,0
DA:39,0
DA:40,0
DA:45,0
DA:46,0
DA:47,0
DA:51,0
DA:54,0
DA:55,0
DA:60,0
DA:77,0
DA:82,0
DA:83,0
DA:88,0
DA:89,0
DA:90,0
DA:91,0
DA:92,0
DA:94,0
DA:98,0
DA:99,0
DA:102,0
DA:108,0
DA:109,0
DA:110,0
DA:122,0
DA:127,0
DA:128,0
DA:135,0
DA:136,0
DA:137,0
DA:139,0
DA:151,0
DA:152,0
DA:153,0
DA:154,0
DA:156,0
DA:167,0
DA:168,0
DA:173,0
DA:174,0
DA:175,0
DA:179,0
DA:181,0
DA:198,0
DA:205,0
DA:210,0
DA:211,0
DA:218,0
DA:219,0
DA:220,0
DA:222,0
DA:233,0
DA:234,0
DA:235,0
DA:237,0
DA:239,0
DA:246,0
DA:250,0
DA:251,0
DA:256,0
DA:257,0
DA:258,0
DA:259,0
DA:260,0
DA:263,0
DA:267,0
DA:268,0
DA:272,0
DA:284,0
DA:285,0
DA:293,0
DA:299,0
DA:300,0
DA:307,0
DA:308,0
DA:309,0
DA:311,0
DA:319,0
DA:328,0
DA:331,0
DA:333,0
DA:345,0
DA:346,0
DA:351,0
DA:352,0
DA:353,0
DA:356,0
DA:360,0
DA:362,0
DA:366,0
DA:367,0
DA:385,0
DA:387,0
DA:388,0
LF:105
LH:0
BRDA:26,0,0,0
BRDA:26,0,1,0
BRDA:54,1,0,0
BRDA:54,1,1,0
BRDA:54,2,0,0
BRDA:54,2,1,0
BRDA:66,3,0,0
BRDA:66,3,1,0
BRDA:67,4,0,0
BRDA:67,4,1,0
BRDA:68,5,0,0
BRDA:68,5,1,0
BRDA:72,6,0,0
BRDA:72,6,1,0
BRDA:98,7,0,0
BRDA:98,7,1,0
BRDA:108,8,0,0
BRDA:108,8,1,0
BRDA:112,9,0,0
BRDA:112,9,1,0
BRDA:152,10,0,0
BRDA:152,10,1,0
BRDA:154,11,0,0
BRDA:154,11,1,0
BRDA:191,12,0,0
BRDA:191,12,1,0
BRDA:235,13,0,0
BRDA:235,13,1,0
BRDA:235,13,2,0
BRDA:237,14,0,0
BRDA:237,14,1,0
BRDA:267,15,0,0
BRDA:267,15,1,0
BRDA:275,16,0,0
BRDA:275,16,1,0
BRDA:276,17,0,0
BRDA:276,17,1,0
BRDA:277,18,0,0
BRDA:277,18,1,0
BRDA:284,19,0,0
BRDA:284,19,1,0
BRDA:360,20,0,0
BRDA:360,20,1,0
BRDA:366,21,0,0
BRDA:366,21,1,0
BRF:45
BRH:0
end_of_record
TN:
SF:controllers\reporte.controller.js
FN:5,(anonymous_0)
FN:27,(anonymous_1)
FN:28,(anonymous_2)
FN:31,(anonymous_3)
FN:32,(anonymous_4)
FN:36,(anonymous_5)
FN:71,(anonymous_6)
FN:72,(anonymous_7)
FN:75,(anonymous_8)
FN:76,(anonymous_9)
FN:106,(anonymous_10)
FN:128,(anonymous_11)
FNF:12
FNH:0
FNDA:0,(anonymous_0)
FNDA:0,(anonymous_1)
FNDA:0,(anonymous_2)
FNDA:0,(anonymous_3)
FNDA:0,(anonymous_4)
FNDA:0,(anonymous_5)
FNDA:0,(anonymous_6)
FNDA:0,(anonymous_7)
FNDA:0,(anonymous_8)
FNDA:0,(anonymous_9)
FNDA:0,(anonymous_10)
FNDA:0,(anonymous_11)
DA:1,0
DA:2,0
DA:5,0
DA:6,0
DA:7,0
DA:8,0
DA:10,0
DA:11,0
DA:14,0
DA:26,0
DA:27,0
DA:28,0
DA:30,0
DA:31,0
DA:32,0
DA:35,0
DA:36,0
DA:37,0
DA:38,0
DA:45,0
DA:46,0
DA:48,0
DA:50,0
DA:54,0
DA:55,0
DA:57,0
DA:58,0
DA:60,0
DA:70,0
DA:71,0
DA:72,0
DA:74,0
DA:75,0
DA:76,0
DA:78,0
DA:98,0
DA:100,0
DA:101,0
DA:106,0
DA:107,0
DA:108,0
DA:109,0
DA:111,0
DA:112,0
DA:113,0
DA:119,0
DA:125,0
DA:126,0
DA:128,0
DA:137,0
DA:138,0
DA:139,0
DA:141,0
DA:142,0
LF:54
LH:0
BRDA:37,0,0,0
BRDA:37,0,1,0
BRDA:37,1,0,0
BRDA:37,1,1,0
BRDA:38,2,0,0
BRDA:38,2,1,0
BRDA:45,3,0,0
BRDA:45,3,1,0
BRDA:46,4,0,0
BRDA:46,4,1,0
BRDA:48,5,0,0
BRDA:48,5,1,0
BRDA:50,6,0,0
BRDA:50,6,1,0
BRDA:54,7,0,0
BRDA:54,7,1,0
BRDA:55,8,0,0
BRDA:55,8,1,0
BRDA:91,9,0,0
BRDA:91,9,1,0
BRDA:92,10,0,0
BRDA:92,10,1,0
BRDA:112,11,0,0
BRDA:112,11,1,0
BRDA:112,12,0,0
BRDA:112,12,1,0
BRDA:131,13,0,0
BRDA:131,13,1,0
BRDA:132,14,0,0
BRDA:132,14,1,0
BRF:30
BRH:0
end_of_record
TN:
SF:controllers\transaccion.controller.js
FN:5,(anonymous_0)
FN:48,(anonymous_1)
FN:113,(anonymous_2)
FN:134,(anonymous_3)
FN:152,(anonymous_4)
FN:169,(anonymous_5)
FNF:6
FNH:0
FNDA:0,(anonymous_0)
FNDA:0,(anonymous_1)
FNDA:0,(anonymous_2)
FNDA:0,(anonymous_3)
FNDA:0,(anonymous_4)
FNDA:0,(anonymous_5)
DA:1,0
DA:2,0
DA:5,0
DA:6,0
DA:7,0
DA:8,0
DA:11,0
DA:12,0
DA:16,0
DA:17,0
DA:21,0
DA:22,0
DA:27,0
DA:37,0
DA:42,0
DA:43,0
DA:48,0
DA:49,0
DA:50,0
DA:51,0
DA:54,0
DA:55,0
DA:57,0
DA:58,0
DA:59,0
DA:60,0
DA:64,0
DA:65,0
DA:66,0
DA:67,0
DA:71,0
DA:110,0
DA:111,0
DA:113,0
DA:114,0
DA:115,0
DA:116,0
DA:117,0
DA:121,0
DA:128,0
DA:129,0
DA:134,0
DA:135,0
DA:136,0
DA:137,0
DA:140,0
DA:141,0
DA:143,0
DA:145,0
DA:152,0
DA:153,0
DA:154,0
DA:155,0
DA:156,0
DA:160,0
DA:162,0
DA:169,0
DA:170,0
DA:171,0
DA:172,0
DA:175,0
DA:177,0
LF:62
LH:0
BRDA:11,0,0,0
BRDA:11,0,1,0
BRDA:11,1,0,0
BRDA:11,1,1,0
BRDA:11,1,2,0
BRDA:16,2,0,0
BRDA:16,2,1,0
BRDA:21,3,0,0
BRDA:21,3,1,0
BRDA:21,4,0,0
BRDA:21,4,1,0
BRDA:57,5,0,0
BRDA:57,5,1,0
BRDA:59,6,0,0
BRDA:59,6,1,0
BRDA:64,7,0,0
BRDA:64,7,1,0
BRDA:66,8,0,0
BRDA:66,8,1,0
BRDA:74,9,0,0
BRDA:74,9,1,0
BRDA:75,10,0,0
BRDA:75,10,1,0
BRDA:76,11,0,0
BRDA:76,11,1,0
BRDA:76,11,2,0
BRDA:83,12,0,0
BRDA:83,12,1,0
BRDA:83,12,2,0
BRDA:89,13,0,0
BRDA:89,13,1,0
BRDA:89,13,2,0
BRDA:114,14,0,0
BRDA:114,14,1,0
BRDA:116,15,0,0
BRDA:116,15,1,0
BRDA:140,16,0,0
BRDA:140,16,1,0
BRF:38
BRH:0
end_of_record
TN:
SF:controllers\transacciones-recurrentes.controller.js
FN:7,(anonymous_0)
FN:24,(anonymous_1)
FN:25,(anonymous_2)
FN:27,(anonymous_3)
FN:42,(anonymous_4)
FN:90,(anonymous_5)
FN:157,(anonymous_6)
FN:158,(anonymous_7)
FN:167,calcularProximaEjecucion
FN:215,getLastDayOfMonth
FN:222,(anonymous_10)
FN:245,(anonymous_11)
FN:246,(anonymous_12)
FN:263,(anonymous_13)
FN:288,(anonymous_14)
FN:316,(anonymous_15)
FNF:16
FNH:0
FNDA:0,(anonymous_0)
FNDA:0,(anonymous_1)
FNDA:0,(anonymous_2)
FNDA:0,(anonymous_3)
FNDA:0,(anonymous_4)
FNDA:0,(anonymous_5)
FNDA:0,(anonymous_6)
FNDA:0,(anonymous_7)
FNDA:0,calcularProximaEjecucion
FNDA:0,getLastDayOfMonth
FNDA:0,(anonymous_10)
FNDA:0,(anonymous_11)
FNDA:0,(anonymous_12)
FNDA:0,(anonymous_13)
FNDA:0,(anonymous_14)
FNDA:0,(anonymous_15)
DA:1,0
DA:2,0
DA:7,0
DA:8,0
DA:9,0
DA:11,0
DA:22,0
DA:24,0
DA:25,0
DA:27,0
DA:31,0
DA:36,0
DA:37,0
DA:42,0
DA:43,0
DA:44,0
DA:48,0
DA:51,0
DA:52,0
DA:58,0
DA:62,0
DA:79,0
DA:84,0
DA:85,0
DA:90,0
DA:91,0
DA:92,0
DA:95,0
DA:108,0
DA:110,0
DA:111,0
DA:113,0
DA:125,0
DA:130,0
DA:138,0
DA:146,0
DA:147,0
DA:154,0
DA:157,0
DA:158,0
DA:161,0
DA:162,0
DA:168,0
DA:170,0
DA:172,0
DA:173,0
DA:176,0
DA:177,0
DA:180,0
DA:181,0
DA:184,0
DA:185,0
DA:186,0
DA:188,0
DA:190,0
DA:193,0
DA:194,0
DA:197,0
DA:198,0
DA:201,0
DA:202,0
DA:205,0
DA:206,0
DA:209,0
DA:212,0
DA:216,0
DA:222,0
DA:223,0
DA:224,0
DA:225,0
DA:227,0
DA:228,0
DA:229,0
DA:232,0
DA:239,0
DA:245,0
DA:246,0
DA:248,0
DA:257,0
DA:258,0
DA:263,0
DA:264,0
DA:265,0
DA:267,0
DA:277,0
DA:282,0
DA:283,0
DA:288,0
DA:289,0
DA:290,0
DA:291,0
DA:293,0
DA:304,0
DA:305,0
DA:308,0
DA:310,0
DA:311,0
DA:316,0
DA:317,0
DA:318,0
DA:320,0
DA:331,0
DA:333,0
DA:334,0
LF:104
LH:0
BRDA:27,0,0,0
BRDA:27,0,1,0
BRDA:51,1,0,0
BRDA:51,1,1,0
BRDA:51,2,0,0
BRDA:51,2,1,0
BRDA:51,2,2,0
BRDA:51,2,3,0
BRDA:73,3,0,0
BRDA:73,3,1,0
BRDA:117,4,0,0
BRDA:117,4,1,0
BRDA:170,5,0,0
BRDA:170,5,1,0
BRDA:170,5,2,0
BRDA:170,5,3,0
BRDA:170,5,4,0
BRDA:170,5,5,0
BRDA:170,5,6,0
BRDA:170,5,7,0
BRDA:170,5,8,0
BRDA:184,6,0,0
BRDA:184,6,1,0
BRDA:225,7,0,0
BRDA:225,8,0,0
BRDA:225,9,0,0
BRDA:228,10,0,0
BRDA:228,10,1,0
BRDA:245,11,0,0
BRDA:245,11,1,0
BRDA:246,12,0,0
BRDA:246,12,1,0
BRDA:304,13,0,0
BRDA:304,13,1,0
BRF:34
BRH:0
end_of_record
TN:
SF:middlewares\auth.middleware.js
FN:3,(anonymous_0)
FNF:1
FNH:0
FNDA:0,(anonymous_0)
DA:1,0
DA:3,0
DA:4,0
DA:5,0
DA:8,0
DA:9,0
DA:15,0
DA:16,0
DA:18,0
DA:19,0
DA:26,0
DA:27,0
DA:28,0
DA:34,0
DA:35,0
DA:36,0
DA:39,0
DA:40,0
DA:42,0
DA:43,0
DA:50,0
LF:21
LH:0
BRDA:8,0,0,0
BRDA:8,0,1,0
BRDA:8,1,0,0
BRDA:8,1,1,0
BRDA:18,2,0,0
BRDA:18,2,1,0
BRDA:26,3,0,0
BRDA:26,3,1,0
BRF:8
BRH:0
end_of_record
TN:
SF:middlewares\error.middleware.js
FN:6,(anonymous_0)
FN:33,(anonymous_1)
FN:46,(anonymous_2)
FN:61,(anonymous_3)
FN:88,(anonymous_4)
FN:117,(anonymous_5)
FN:129,(anonymous_6)
FN:130,(anonymous_7)
FNF:8
FNH:0
FNDA:0,(anonymous_0)
FNDA:0,(anonymous_1)
FNDA:0,(anonymous_2)
FNDA:0,(anonymous_3)
FNDA:0,(anonymous_4)
FNDA:0,(anonymous_5)
FNDA:0,(anonymous_6)
FNDA:0,(anonymous_7)
DA:1,0
DA:6,0
DA:7,0
DA:9,0
DA:16,0
DA:19,0
DA:22,0
DA:25,0
DA:26,0
DA:33,0
DA:34,0
DA:35,0
DA:37,0
DA:38,0
DA:40,0
DA:46,0
DA:47,0
DA:61,0
DA:63,0
DA:64,0
DA:73,0
DA:75,0
DA:88,0
DA:89,0
DA:90,0
DA:92,0
DA:93,0
DA:96,0
DA:97,0
DA:98,0
DA:99,0
DA:100,0
DA:101,0
DA:102,0
DA:103,0
DA:107,0
DA:108,0
DA:110,0
DA:117,0
DA:118,0
DA:123,0
DA:129,0
DA:130,0
DA:131,0
DA:135,0
LF:45
LH:0
BRDA:7,0,0,0
BRDA:7,0,1,0
BRDA:7,0,2,0
BRDA:7,0,3,0
BRDA:7,0,4,0
BRDA:10,1,0,0
BRDA:10,1,1,0
BRDA:34,2,0,0
BRDA:34,2,1,0
BRDA:37,3,0,0
BRDA:37,3,1,0
BRDA:54,4,0,0
BRDA:54,4,1,0
BRDA:63,5,0,0
BRDA:63,5,1,0
BRDA:69,6,0,0
BRDA:69,6,1,0
BRDA:89,7,0,0
BRDA:89,7,1,0
BRDA:90,8,0,0
BRDA:90,8,1,0
BRDA:96,9,0,0
BRDA:96,9,1,0
BRDA:96,10,0,0
BRDA:96,10,1,0
BRDA:98,11,0,0
BRDA:98,11,1,0
BRDA:98,12,0,0
BRDA:98,12,1,0
BRDA:100,13,0,0
BRDA:100,13,1,0
BRDA:102,14,0,0
BRDA:102,14,1,0
BRDA:107,15,0,0
BRDA:107,15,1,0
BRF:35
BRH:0
end_of_record
TN:
SF:middlewares\validation.middleware.js
FN:7,(anonymous_0)
FN:8,(anonymous_1)
FN:16,(anonymous_2)
FN:40,(anonymous_3)
FN:46,(anonymous_4)
FN:52,(anonymous_5)
FNF:6
FNH:0
FNDA:0,(anonymous_0)
FNDA:0,(anonymous_1)
FNDA:0,(anonymous_2)
FNDA:0,(anonymous_3)
FNDA:0,(anonymous_4)
FNDA:0,(anonymous_5)
DA:7,0
DA:8,0
DA:9,0
DA:15,0
DA:16,0
DA:22,0
DA:31,0
DA:32,0
DA:40,0
DA:46,0
DA:52,0
DA:54,0
LF:12
LH:0
BRDA:7,0,0,0
BRDA:15,1,0,0
BRDA:15,1,1,0
BRF:3
BRH:0
end_of_record
TN:
SF:routes\auth.routes.js
FNF:0
FNH:0
DA:1,0
DA:2,0
DA:3,0
DA:4,0
DA:5,0
DA:8,0
DA:9,0
DA:11,0
LF:8
LH:0
BRF:0
BRH:0
end_of_record
TN:
SF:routes\finanzas-avanzadas.routes.js
FNF:0
FNH:0
DA:1,0
DA:2,0
DA:3,0
DA:4,0
DA:7,0
DA:8,0
DA:9,0
DA:12,0
DA:13,0
DA:16,0
DA:17,0
DA:20,0
DA:21,0
DA:23,0
LF:14
LH:0
BRF:0
BRH:0
end_of_record
TN:
SF:routes\sistema.routes.js
FNF:0
FNH:0
DA:1,0
DA:2,0
DA:3,0
DA:4,0
DA:7,0
DA:8,0
DA:9,0
DA:12,0
DA:13,0
DA:14,0
DA:15,0
DA:17,0
LF:12
LH:0
BRF:0
BRH:0
end_of_record
TN:
SF:routes\transaccion.routes.js
FNF:0
FNH:0
DA:1,0
DA:2,0
DA:3,0
DA:4,0
DA:5,0
DA:10,0
DA:13,0
DA:14,0
DA:15,0
DA:16,0
DA:17,0
DA:19,0
LF:12
LH:0
BRF:0
BRH:0
end_of_record
TN:
SF:utils\errors.js
FN:5,(anonymous_0)
FN:22,(anonymous_1)
FN:29,(anonymous_2)
FN:35,(anonymous_3)
FN:41,(anonymous_4)
FN:47,(anonymous_5)
FN:53,(anonymous_6)
FNF:7
FNH:0
FNDA:0,(anonymous_0)
FNDA:0,(anonymous_1)
FNDA:0,(anonymous_2)
FNDA:0,(anonymous_3)
FNDA:0,(anonymous_4)
FNDA:0,(anonymous_5)
FNDA:0,(anonymous_6)
DA:6,0
DA:8,0
DA:9,0
DA:10,0
DA:11,0
DA:12,0
DA:14,0
DA:23,0
DA:24,0
DA:30,0
DA:36,0
DA:42,0
DA:48,0
DA:54,0
DA:58,0
LF:15
LH:0
BRDA:5,0,0,0
BRDA:5,1,0,0
BRDA:9,2,0,0
BRDA:9,2,1,0
BRDA:22,3,0,0
BRDA:29,4,0,0
BRDA:35,5,0,0
BRDA:41,6,0,0
BRDA:47,7,0,0
BRDA:53,8,0,0
BRF:10
BRH:0
end_of_record
TN:
SF:validators\auth.validator.js
FNF:0
FNH:0
DA:1,1
DA:4,1
DA:69,1
DA:90,1
DA:134,1
LF:5
LH:5
BRF:0
BRH:0
end_of_record
TN:
SF:validators\transaccion.validator.js
FN:131,(anonymous_0)
FNF:1
FNH:1
FNDA:2,(anonymous_0)
DA:1,1
DA:4,1
DA:129,1
DA:131,2
DA:135,1
DA:188,1
LF:6
LH:6
BRF:0
BRH:0
end_of_record
